[debug] [2023-10-31T04:29:38.927Z] ----------------------------------------------------------------------
[debug] [2023-10-31T04:29:38.929Z] Command:       C:\Program Files\nodejs\node.exe C:\Users\sarah\AppData\Roaming\npm\node_modules\firebase-tools\lib\bin\firebase.js init
[debug] [2023-10-31T04:29:38.930Z] CLI Version:   12.7.0
[debug] [2023-10-31T04:29:38.930Z] Platform:      win32
[debug] [2023-10-31T04:29:38.930Z] Node Version:  v18.18.2
[debug] [2023-10-31T04:29:38.931Z] Time:          Tue Oct 31 2023 00:29:38 GMT-0400 (Eastern Daylight Time)
[debug] [2023-10-31T04:29:38.931Z] ----------------------------------------------------------------------
[debug] 
[debug] [2023-10-31T04:29:38.999Z] > command requires scopes: ["email","openid","https://www.googleapis.com/auth/cloudplatformprojects.readonly","https://www.googleapis.com/auth/firebase","https://www.googleapis.com/auth/cloud-platform"]
[debug] [2023-10-31T04:29:38.999Z] > authorizing via signed-in user (sarahlewis.0881@gmail.com)
[info] 
     ######## #### ########  ######## ########     ###     ######  ########
     ##        ##  ##     ## ##       ##     ##  ##   ##  ##       ##
     ######    ##  ########  ######   ########  #########  ######  ######
     ##        ##  ##    ##  ##       ##     ## ##     ##       ## ##
     ##       #### ##     ## ######## ########  ##     ##  ######  ########

You're about to initialize a Firebase project in this directory:

  C:\Users\sarah\OneDrive\Desktop\petlist\todoist-petlist

Before we get started, keep in mind:

  * You are initializing within an existing Firebase project directory

[info] 
=== Project Setup
[info] 
[info] First, let's associate this project directory with a Firebase project.
[info] You can create multiple project aliases by running firebase use --add, 
[info] but for now we'll just set up a default project.
[info] 
[debug] [2023-10-31T04:33:28.707Z] Using project from CLI flag: todoist-petlist
[debug] [2023-10-31T04:33:28.710Z] >>> [apiv2][query] GET https://firebase.googleapis.com/v1beta1/projects/todoist-petlist [none]
[debug] [2023-10-31T04:33:29.080Z] <<< [apiv2][status] GET https://firebase.googleapis.com/v1beta1/projects/todoist-petlist 200
[debug] [2023-10-31T04:33:29.080Z] <<< [apiv2][body] GET https://firebase.googleapis.com/v1beta1/projects/todoist-petlist {"projectId":"todoist-petlist","projectNumber":"189121751509","displayName":"todoist-petlist","name":"projects/todoist-petlist","resources":{"hostingSite":"todoist-petlist","realtimeDatabaseInstance":"todoist-petlist-default-rtdb"},"state":"ACTIVE","etag":"1_cc716ded-bb82-41ca-8c99-971431c3b982"}
[info] i  Using project todoist-petlist (todoist-petlist) 
[info] 
=== Database Setup
[info] i  database: ensuring required API firebasedatabase.googleapis.com is enabled... 
[debug] [2023-10-31T04:33:29.104Z] >>> [apiv2][query] GET https://serviceusage.googleapis.com/v1/projects/todoist-petlist/services/firebasedatabase.googleapis.com [none]
[debug] [2023-10-31T04:33:29.104Z] >>> [apiv2][(partial)header] GET https://serviceusage.googleapis.com/v1/projects/todoist-petlist/services/firebasedatabase.googleapis.com x-goog-quota-user=projects/todoist-petlist
[debug] [2023-10-31T04:33:29.482Z] <<< [apiv2][status] GET https://serviceusage.googleapis.com/v1/projects/todoist-petlist/services/firebasedatabase.googleapis.com 200
[debug] [2023-10-31T04:33:29.482Z] <<< [apiv2][body] GET https://serviceusage.googleapis.com/v1/projects/todoist-petlist/services/firebasedatabase.googleapis.com [omitted]
[info] +  database: required API firebasedatabase.googleapis.com is enabled 
[info] 
[debug] [2023-10-31T04:33:29.483Z] >>> [apiv2][query] GET https://firebasedatabase.googleapis.com/v1beta/projects/todoist-petlist/locations/-/instances/todoist-petlist-default-rtdb [none]
[debug] [2023-10-31T04:33:29.948Z] <<< [apiv2][status] GET https://firebasedatabase.googleapis.com/v1beta/projects/todoist-petlist/locations/-/instances/todoist-petlist-default-rtdb 200
[debug] [2023-10-31T04:33:29.948Z] <<< [apiv2][body] GET https://firebasedatabase.googleapis.com/v1beta/projects/todoist-petlist/locations/-/instances/todoist-petlist-default-rtdb {"name":"projects/189121751509/locations/us-central1/instances/todoist-petlist-default-rtdb","project":"projects/189121751509","databaseUrl":"https://todoist-petlist-default-rtdb.firebaseio.com","type":"DEFAULT_DATABASE","state":"ACTIVE"}
[info] 
[info] Firebase Realtime Database Security Rules allow you to define how your data should be
[info] structured and when your data can be read from and written to.
[info] 
[debug] [2023-10-31T04:34:17.065Z] >>> [apiv2][query] GET https://todoist-petlist-default-rtdb.firebaseio.com/.settings/rules.json [none]
[debug] [2023-10-31T04:34:17.218Z] <<< [apiv2][status] GET https://todoist-petlist-default-rtdb.firebaseio.com/.settings/rules.json 200
[debug] [2023-10-31T04:34:17.219Z] <<< [apiv2][body] GET https://todoist-petlist-default-rtdb.firebaseio.com/.settings/rules.json [stream]
[info] +  Database Rules for todoist-petlist-default-rtdb have been written to database.rules.json. 
[info] Future modifications to database.rules.json will update Realtime Database Security Rules when you run
[info] firebase deploy.
[info] 
=== Firestore Setup
[debug] [2023-10-31T04:34:17.225Z] >>> [apiv2][query] GET https://serviceusage.googleapis.com/v1/projects/todoist-petlist/services/firestore.googleapis.com [none]
[debug] [2023-10-31T04:34:17.225Z] >>> [apiv2][(partial)header] GET https://serviceusage.googleapis.com/v1/projects/todoist-petlist/services/firestore.googleapis.com x-goog-quota-user=projects/todoist-petlist
[debug] [2023-10-31T04:34:17.536Z] <<< [apiv2][status] GET https://serviceusage.googleapis.com/v1/projects/todoist-petlist/services/firestore.googleapis.com 200
[debug] [2023-10-31T04:34:17.536Z] <<< [apiv2][body] GET https://serviceusage.googleapis.com/v1/projects/todoist-petlist/services/firestore.googleapis.com [omitted]
[debug] [2023-10-31T04:34:17.537Z] >>> [apiv2][query] GET https://firestore.googleapis.com/v1/projects/todoist-petlist/databases/(default) [none]
[debug] [2023-10-31T04:34:17.857Z] <<< [apiv2][status] GET https://firestore.googleapis.com/v1/projects/todoist-petlist/databases/(default) 200
[debug] [2023-10-31T04:34:17.857Z] <<< [apiv2][body] GET https://firestore.googleapis.com/v1/projects/todoist-petlist/databases/(default) {"name":"projects/todoist-petlist/databases/(default)","uid":"5898d25c-51ed-42f7-bc91-fb4856c2a2b4","createTime":"2023-10-20T03:25:18.564896Z","updateTime":"2023-10-20T03:25:18.564896Z","locationId":"nam5","type":"FIRESTORE_NATIVE","concurrencyMode":"PESSIMISTIC","versionRetentionPeriod":"3600s","earliestVersionTime":"2023-10-31T03:34:18.609624Z","appEngineIntegrationMode":"DISABLED","keyPrefix":"s","pointInTimeRecoveryEnablement":"POINT_IN_TIME_RECOVERY_DISABLED","deleteProtectionState":"DELETE_PROTECTION_DISABLED","etag":"INih6de6n4IDMP7ZpYeXioID"}
[debug] [2023-10-31T04:34:17.858Z] database_type: FIRESTORE_NATIVE
[debug] [2023-10-31T04:34:17.858Z] > command requires scopes: ["email","openid","https://www.googleapis.com/auth/cloudplatformprojects.readonly","https://www.googleapis.com/auth/firebase","https://www.googleapis.com/auth/cloud-platform"]
[debug] [2023-10-31T04:34:17.859Z] > authorizing via signed-in user (sarahlewis.0881@gmail.com)
[debug] [2023-10-31T04:34:17.859Z] [iam] checking project todoist-petlist for permissions ["firebase.projects.get"]
[debug] [2023-10-31T04:34:17.860Z] >>> [apiv2][query] POST https://cloudresourcemanager.googleapis.com/v1/projects/todoist-petlist:testIamPermissions [none]
[debug] [2023-10-31T04:34:17.860Z] >>> [apiv2][(partial)header] POST https://cloudresourcemanager.googleapis.com/v1/projects/todoist-petlist:testIamPermissions x-goog-quota-user=projects/todoist-petlist
[debug] [2023-10-31T04:34:17.860Z] >>> [apiv2][body] POST https://cloudresourcemanager.googleapis.com/v1/projects/todoist-petlist:testIamPermissions {"permissions":["firebase.projects.get"]}
[debug] [2023-10-31T04:34:18.110Z] <<< [apiv2][status] POST https://cloudresourcemanager.googleapis.com/v1/projects/todoist-petlist:testIamPermissions 200
[debug] [2023-10-31T04:34:18.110Z] <<< [apiv2][body] POST https://cloudresourcemanager.googleapis.com/v1/projects/todoist-petlist:testIamPermissions {"permissions":["firebase.projects.get"]}
[info] 
[info] Firestore Security Rules allow you to define how and when to allow
[info] requests. You can keep these rules in your project directory
[info] and publish them with firebase deploy.
[info] 
[debug] [2023-10-31T04:34:46.792Z] >>> [apiv2][query] GET https://firebaserules.googleapis.com/v1/projects/todoist-petlist/releases pageSize=10&pageToken=
[debug] [2023-10-31T04:34:47.123Z] <<< [apiv2][status] GET https://firebaserules.googleapis.com/v1/projects/todoist-petlist/releases 200
[debug] [2023-10-31T04:34:47.123Z] <<< [apiv2][body] GET https://firebaserules.googleapis.com/v1/projects/todoist-petlist/releases {"releases":[{"name":"projects/todoist-petlist/releases/cloud.firestore","rulesetName":"projects/todoist-petlist/rulesets/960c1cc6-e87a-43c6-a537-23e9ec89e401","createTime":"2023-10-20T03:25:19.836244Z","updateTime":"2023-10-20T03:25:19.836244Z"}]}
[debug] [2023-10-31T04:34:47.124Z] Found ruleset: projects/todoist-petlist/rulesets/960c1cc6-e87a-43c6-a537-23e9ec89e401
[debug] [2023-10-31T04:34:47.125Z] >>> [apiv2][query] GET https://firebaserules.googleapis.com/v1/projects/todoist-petlist/rulesets/960c1cc6-e87a-43c6-a537-23e9ec89e401 [none]
[debug] [2023-10-31T04:34:47.384Z] <<< [apiv2][status] GET https://firebaserules.googleapis.com/v1/projects/todoist-petlist/rulesets/960c1cc6-e87a-43c6-a537-23e9ec89e401 200
[debug] [2023-10-31T04:34:47.385Z] <<< [apiv2][body] GET https://firebaserules.googleapis.com/v1/projects/todoist-petlist/rulesets/960c1cc6-e87a-43c6-a537-23e9ec89e401 [omitted]
[info] 
[info] Firestore indexes allow you to perform complex queries while
[info] maintaining performance that scales with the size of the result
[info] set. You can keep index definitions in your project directory
[info] and publish them with firebase deploy.
[info] 
[debug] [2023-10-31T04:35:07.640Z] >>> [apiv2][query] GET https://firestore.googleapis.com/v1/projects/todoist-petlist/databases/(default)/collectionGroups/-/indexes [none]
[debug] [2023-10-31T04:35:07.643Z] >>> [apiv2][query] GET https://firestore.googleapis.com/v1/projects/todoist-petlist/databases/(default)/collectionGroups/-/fields?filter=indexConfig.usesAncestorConfig=false OR ttlConfig:* [none]
[debug] [2023-10-31T04:35:08.031Z] <<< [apiv2][status] GET https://firestore.googleapis.com/v1/projects/todoist-petlist/databases/(default)/collectionGroups/-/fields?filter=indexConfig.usesAncestorConfig=false OR ttlConfig:* 200
[debug] [2023-10-31T04:35:08.031Z] <<< [apiv2][body] GET https://firestore.googleapis.com/v1/projects/todoist-petlist/databases/(default)/collectionGroups/-/fields?filter=indexConfig.usesAncestorConfig=false OR ttlConfig:* {"fields":[{"name":"projects/todoist-petlist/databases/(default)/collectionGroups/__default__/fields/*","indexConfig":{"indexes":[{"queryScope":"COLLECTION","fields":[{"fieldPath":"*","order":"ASCENDING"}],"state":"READY"},{"queryScope":"COLLECTION","fields":[{"fieldPath":"*","order":"DESCENDING"}],"state":"READY"},{"queryScope":"COLLECTION","fields":[{"fieldPath":"*","arrayConfig":"CONTAINS"}],"state":"READY"}]}}]}
[debug] [2023-10-31T04:35:08.068Z] <<< [apiv2][status] GET https://firestore.googleapis.com/v1/projects/todoist-petlist/databases/(default)/collectionGroups/-/indexes 200
[debug] [2023-10-31T04:35:08.069Z] <<< [apiv2][body] GET https://firestore.googleapis.com/v1/projects/todoist-petlist/databases/(default)/collectionGroups/-/indexes {"indexes":[{"name":"projects/todoist-petlist/databases/(default)/collectionGroups/projects/indexes/CICAgOjXh4EK","queryScope":"COLLECTION","fields":[{"fieldPath":"userId","order":"ASCENDING"},{"fieldPath":"projectId","order":"ASCENDING"},{"fieldPath":"__name__","order":"ASCENDING"}],"state":"READY"}]}
[info] 
=== Functions Setup
[debug] [2023-10-31T04:35:08.075Z] > command requires scopes: ["email","openid","https://www.googleapis.com/auth/cloudplatformprojects.readonly","https://www.googleapis.com/auth/firebase","https://www.googleapis.com/auth/cloud-platform"]
[debug] [2023-10-31T04:35:08.075Z] > authorizing via signed-in user (sarahlewis.0881@gmail.com)
[debug] [2023-10-31T04:35:08.076Z] [iam] checking project todoist-petlist for permissions ["firebase.projects.get"]
[debug] [2023-10-31T04:35:08.077Z] >>> [apiv2][query] POST https://cloudresourcemanager.googleapis.com/v1/projects/todoist-petlist:testIamPermissions [none]
[debug] [2023-10-31T04:35:08.077Z] >>> [apiv2][(partial)header] POST https://cloudresourcemanager.googleapis.com/v1/projects/todoist-petlist:testIamPermissions x-goog-quota-user=projects/todoist-petlist
[debug] [2023-10-31T04:35:08.077Z] >>> [apiv2][body] POST https://cloudresourcemanager.googleapis.com/v1/projects/todoist-petlist:testIamPermissions {"permissions":["firebase.projects.get"]}
[debug] [2023-10-31T04:35:08.300Z] <<< [apiv2][status] POST https://cloudresourcemanager.googleapis.com/v1/projects/todoist-petlist:testIamPermissions 200
[debug] [2023-10-31T04:35:08.300Z] <<< [apiv2][body] POST https://cloudresourcemanager.googleapis.com/v1/projects/todoist-petlist:testIamPermissions {"permissions":["firebase.projects.get"]}
[debug] [2023-10-31T04:35:08.301Z] >>> [apiv2][query] GET https://serviceusage.googleapis.com/v1/projects/todoist-petlist/services/cloudfunctions.googleapis.com [none]
[debug] [2023-10-31T04:35:08.301Z] >>> [apiv2][(partial)header] GET https://serviceusage.googleapis.com/v1/projects/todoist-petlist/services/cloudfunctions.googleapis.com x-goog-quota-user=projects/todoist-petlist
[debug] [2023-10-31T04:35:08.305Z] >>> [apiv2][query] GET https://serviceusage.googleapis.com/v1/projects/todoist-petlist/services/runtimeconfig.googleapis.com [none]
[debug] [2023-10-31T04:35:08.305Z] >>> [apiv2][(partial)header] GET https://serviceusage.googleapis.com/v1/projects/todoist-petlist/services/runtimeconfig.googleapis.com x-goog-quota-user=projects/todoist-petlist
[debug] [2023-10-31T04:35:08.602Z] <<< [apiv2][status] GET https://serviceusage.googleapis.com/v1/projects/todoist-petlist/services/runtimeconfig.googleapis.com 200
[debug] [2023-10-31T04:35:08.602Z] <<< [apiv2][body] GET https://serviceusage.googleapis.com/v1/projects/todoist-petlist/services/runtimeconfig.googleapis.com [omitted]
[debug] [2023-10-31T04:35:08.613Z] <<< [apiv2][status] GET https://serviceusage.googleapis.com/v1/projects/todoist-petlist/services/cloudfunctions.googleapis.com 200
[debug] [2023-10-31T04:35:08.613Z] <<< [apiv2][body] GET https://serviceusage.googleapis.com/v1/projects/todoist-petlist/services/cloudfunctions.googleapis.com [omitted]
[info] 
Detected existing codebase(s): default

[info] Let's create a new codebase for your functions.
[info] A directory corresponding to the codebase will be created in your project
[info] with sample code pre-configured.

[info] See https://firebase.google.com/docs/functions/organize-functions for
[info] more information on organizing your functions using codebases.

[info] Functions can be deployed with firebase deploy.

